  main.cpp
D:\Users\Alejandro Lau\Documents\Visual Studio 2015\Projects\exp2.1\exp2.1\include\Angel.h(63): warning C4305: “初始化”: 从“double”到“GLfloat”截断
d:\users\alejandro lau\documents\visual studio 2015\projects\exp2.1\exp2.1\include\mat.h(698): warning C4244: “=”: 从“double”转换到“GLfloat”，可能丢失数据
d:\users\alejandro lau\documents\visual studio 2015\projects\exp2.1\exp2.1\include\mat.h(699): warning C4244: “=”: 从“double”转换到“GLfloat”，可能丢失数据
d:\users\alejandro lau\documents\visual studio 2015\projects\exp2.1\exp2.1\include\mat.h(700): warning C4244: “=”: 从“double”转换到“GLfloat”，可能丢失数据
d:\users\alejandro lau\documents\visual studio 2015\projects\exp2.1\exp2.1\include\mat.h(721): warning C4244: “=”: 从“double”转换到“GLfloat”，可能丢失数据
d:\users\alejandro lau\documents\visual studio 2015\projects\exp2.1\exp2.1\include\mat.h(723): warning C4244: “=”: 从“double”转换到“GLfloat”，可能丢失数据
d:\users\alejandro lau\documents\visual studio 2015\projects\exp2.1\exp2.1\include\mat.h(726): warning C4244: “=”: 从“double”转换到“GLfloat”，可能丢失数据
d:\users\alejandro lau\documents\visual studio 2015\projects\exp2.1\exp2.1\include\mat.h(743): warning C4244: “=”: 从“double”转换到“GLfloat”，可能丢失数据
main.cpp(22): warning C4305: “参数”: 从“double”到“GLfloat”截断
main.cpp(23): warning C4305: “参数”: 从“double”到“GLfloat”截断
main.cpp(46): warning C4244: “参数”: 从“double”转换到“GLfloat”，可能丢失数据
main.cpp(48): warning C4244: “参数”: 从“double”转换到“const GLfloat”，可能丢失数据
main.cpp(49): warning C4244: “*=”: 从“double”转换到“GLfloat”，可能丢失数据
main.cpp(87): warning C4244: “参数”: 从“double”转换到“GLfloat”，可能丢失数据
main.cpp(87): warning C4244: “参数”: 从“double”转换到“const GLfloat”，可能丢失数据
  正在生成代码
  3 of 58 functions ( 5.2%) were compiled, the rest were copied from previous compilation.
    0 functions were new in current compilation
    2 functions had inline decision re-evaluated but remain unchanged
  已完成代码的生成
  exp2.1.vcxproj -> d:\Users\Alejandro Lau\Documents\Visual Studio 2015\Projects\exp2.1\Release\exp2.1.exe
  exp2.1.vcxproj -> d:\Users\Alejandro Lau\Documents\Visual Studio 2015\Projects\exp2.1\Release\exp2.1.pdb (Full PDB)
